2025-05-22T12:11:34+00:00 DEBUG POST: https://ads.tiktok.com/marketing_api/api/developer/app/create_auto_approve/

{"business_platform":"PROD","smb_id":"tt4b_woocommerce_682f14765686ehttpswordpressureazurewebsitesnetwp-admin","smb_name":"PROD","redirect_url":"https:\/\/wordpressure.azurewebsites.net\/wp-admin\/"}
 ajax: no
2025-05-22T12:11:35+00:00 DEBUG Tt4b_Mapi_Class::create_open_source_app: Response: 

HTTP/1.1 200 OK
Content-Type: application/json
X-Tt-Logid: 2025052212113393A77A6FB9B72479588D,2025052212113393A77A6FB9B72479588D
Strict-Transport-Security: max-age=31536000; includeSubDomains
x-tt-trace-host: 01e0291dbfacb8fd6fd26c1814e2465495151159fa56f25bb9e4e612c184d9784538b1a4e4654f2a8f16762ac2a911cfb26878adb31348a15e3767f1e5c01860604fda9ae18e3e700ac41c25f674ce25f324fcbe9ba19ef84acaeb5a3e8471d2ee3ee2e5240152d1b5edba08f2b10ef247
x-tt-trace-id: 00-25052212113393A77A6FB9B72479588D-5D8831E14252B22E-00
Server: TLB
Content-Encoding: gzip
Content-Length: 213
X-Origin-Response-Time: 61,23.54.124.199
X-Akamai-Request-ID: 1e75b0cc.a61a1ed6
Date: Thu, 22 May 2025 12:11:35 GMT
X-Cache: TCP_MISS from a23-33-24-76.deploy.akamaitechnologies.com (AkamaiGHost/22.1.2-2707c9399dd20deeb372d000d0c9c042) (-)
Connection: close
Vary: Accept-Encoding
X-Cache-Remote: TCP_MISS from a23-54-124-199.deploy.akamaitechnologies.com (AkamaiGHost/22.1.2-2707c9399dd20deeb372d000d0c9c042) (-)
x-tt-trace-tag: id=16;cdn-cache=miss;type=dyn
Server-Timing: cdn-cache; desc=MISS, edge; dur=219, origin; dur=61
Server-Timing: inner; dur=57
X-Parent-Response-Time: 277,23.33.24.76

{"code":0,"msg":"ok","data":{"app_id":"7507241604952883218","redirect_uri":"https:\/\/wordpressure.azurewebsites.net\/wp-admin\/","app_secret":"c6d559a51e6cdf1a7372f6bcea1c623ca92d58ac","external_data_key":"41768953-dba6-4651-a222-f0e2e560426c"}}

